This file contains any messages produced by compilers while
running configure, to aid debugging if configure makes a mistake.

It was created by masstree-beta configure 0.1, which was
generated by GNU Autoconf 2.71.  Invocation command line was

  $ ./configure --disable-assertions --with-malloc=malloc

## --------- ##
## Platform. ##
## --------- ##

hostname = emilio-XPS-9315
uname -m = x86_64
uname -r = 6.2.0-36-generic
uname -s = Linux
uname -v = #37~22.04.1-Ubuntu SMP PREEMPT_DYNAMIC Mon Oct  9 15:34:04 UTC 2

/usr/bin/uname -p = x86_64
/bin/uname -X     = unknown

/bin/arch              = x86_64
/usr/bin/arch -k       = unknown
/usr/convex/getsysinfo = unknown
/usr/bin/hostinfo      = unknown
/bin/machine           = unknown
/usr/bin/oslevel       = unknown
/bin/universe          = unknown

PATH: /usr/local/mpi/bin/
PATH: /home/emilio/.pyenv/shims/
PATH: /home/emilio/.pyenv/bin/
PATH: /usr/local/sbin/
PATH: /usr/local/bin/
PATH: /usr/sbin/
PATH: /usr/bin/
PATH: /sbin/
PATH: /bin/
PATH: /usr/games/
PATH: /usr/local/games/
PATH: /snap/bin/
PATH: /snap/bin/


## ----------- ##
## Core tests. ##
## ----------- ##

configure:2981: checking for gcc
configure:3002: found /usr/bin/gcc
configure:3013: result: gcc
configure:3366: checking for C compiler version
configure:3375: gcc --version >&5
gcc (Ubuntu 11.4.0-1ubuntu1~22.04) 11.4.0
Copyright (C) 2021 Free Software Foundation, Inc.
This is free software; see the source for copying conditions.  There is NO
warranty; not even for MERCHANTABILITY or FITNESS FOR A PARTICULAR PURPOSE.

configure:3386: $? = 0
configure:3375: gcc -v >&5
Using built-in specs.
COLLECT_GCC=gcc
COLLECT_LTO_WRAPPER=/usr/lib/gcc/x86_64-linux-gnu/11/lto-wrapper
OFFLOAD_TARGET_NAMES=nvptx-none:amdgcn-amdhsa
OFFLOAD_TARGET_DEFAULT=1
Target: x86_64-linux-gnu
Configured with: ../src/configure -v --with-pkgversion='Ubuntu 11.4.0-1ubuntu1~22.04' --with-bugurl=file:///usr/share/doc/gcc-11/README.Bugs --enable-languages=c,ada,c++,go,brig,d,fortran,objc,obj-c++,m2 --prefix=/usr --with-gcc-major-version-only --program-suffix=-11 --program-prefix=x86_64-linux-gnu- --enable-shared --enable-linker-build-id --libexecdir=/usr/lib --without-included-gettext --enable-threads=posix --libdir=/usr/lib --enable-nls --enable-bootstrap --enable-clocale=gnu --enable-libstdcxx-debug --enable-libstdcxx-time=yes --with-default-libstdcxx-abi=new --enable-gnu-unique-object --disable-vtable-verify --enable-plugin --enable-default-pie --with-system-zlib --enable-libphobos-checking=release --with-target-system-zlib=auto --enable-objc-gc=auto --enable-multiarch --disable-werror --enable-cet --with-arch-32=i686 --with-abi=m64 --with-multilib-list=m32,m64,mx32 --enable-multilib --with-tune=generic --enable-offload-targets=nvptx-none=/build/gcc-11-XeT9lY/gcc-11-11.4.0/debian/tmp-nvptx/usr,amdgcn-amdhsa=/build/gcc-11-XeT9lY/gcc-11-11.4.0/debian/tmp-gcn/usr --without-cuda-driver --enable-checking=release --build=x86_64-linux-gnu --host=x86_64-linux-gnu --target=x86_64-linux-gnu --with-build-config=bootstrap-lto-lean --enable-link-serialization=2
Thread model: posix
Supported LTO compression algorithms: zlib zstd
gcc version 11.4.0 (Ubuntu 11.4.0-1ubuntu1~22.04) 
... rest of stderr output deleted ...
configure:3386: $? = 0
configure:3375: gcc -V >&5
gcc: error: unrecognized command-line option '-V'
gcc: fatal error: no input files
compilation terminated.
configure:3386: $? = 1
configure:3375: gcc -qversion >&5
gcc: error: unrecognized command-line option '-qversion'; did you mean '--version'?
gcc: fatal error: no input files
compilation terminated.
configure:3386: $? = 1
configure:3375: gcc -version >&5
gcc: error: unrecognized command-line option '-version'
gcc: fatal error: no input files
compilation terminated.
configure:3386: $? = 1
configure:3406: checking whether the C compiler works
configure:3428: gcc    conftest.c  >&5
configure:3432: $? = 0
configure:3482: result: yes
configure:3485: checking for C compiler default output file name
configure:3487: result: a.out
configure:3493: checking for suffix of executables
configure:3500: gcc -o conftest    conftest.c  >&5
configure:3504: $? = 0
configure:3527: result: 
configure:3549: checking whether we are cross compiling
configure:3557: gcc -o conftest    conftest.c  >&5
configure:3561: $? = 0
configure:3568: ./conftest
configure:3572: $? = 0
configure:3587: result: no
configure:3592: checking for suffix of object files
configure:3615: gcc -c   conftest.c >&5
configure:3619: $? = 0
configure:3641: result: o
configure:3645: checking whether the compiler supports GNU C
configure:3665: gcc -c   conftest.c >&5
configure:3665: $? = 0
configure:3675: result: yes
configure:3686: checking whether gcc accepts -g
configure:3707: gcc -c -g  conftest.c >&5
configure:3707: $? = 0
configure:3751: result: yes
configure:3771: checking for gcc option to enable C11 features
configure:3786: gcc  -c -g -O2  conftest.c >&5
configure:3786: $? = 0
configure:3804: result: none needed
configure:3983: checking for g++
configure:4004: found /usr/bin/g++
configure:4015: result: g++
configure:4042: checking for C++ compiler version
configure:4051: g++ --version >&5
g++ (Ubuntu 11.4.0-1ubuntu1~22.04) 11.4.0
Copyright (C) 2021 Free Software Foundation, Inc.
This is free software; see the source for copying conditions.  There is NO
warranty; not even for MERCHANTABILITY or FITNESS FOR A PARTICULAR PURPOSE.

configure:4062: $? = 0
configure:4051: g++ -v >&5
Using built-in specs.
COLLECT_GCC=g++
COLLECT_LTO_WRAPPER=/usr/lib/gcc/x86_64-linux-gnu/11/lto-wrapper
OFFLOAD_TARGET_NAMES=nvptx-none:amdgcn-amdhsa
OFFLOAD_TARGET_DEFAULT=1
Target: x86_64-linux-gnu
Configured with: ../src/configure -v --with-pkgversion='Ubuntu 11.4.0-1ubuntu1~22.04' --with-bugurl=file:///usr/share/doc/gcc-11/README.Bugs --enable-languages=c,ada,c++,go,brig,d,fortran,objc,obj-c++,m2 --prefix=/usr --with-gcc-major-version-only --program-suffix=-11 --program-prefix=x86_64-linux-gnu- --enable-shared --enable-linker-build-id --libexecdir=/usr/lib --without-included-gettext --enable-threads=posix --libdir=/usr/lib --enable-nls --enable-bootstrap --enable-clocale=gnu --enable-libstdcxx-debug --enable-libstdcxx-time=yes --with-default-libstdcxx-abi=new --enable-gnu-unique-object --disable-vtable-verify --enable-plugin --enable-default-pie --with-system-zlib --enable-libphobos-checking=release --with-target-system-zlib=auto --enable-objc-gc=auto --enable-multiarch --disable-werror --enable-cet --with-arch-32=i686 --with-abi=m64 --with-multilib-list=m32,m64,mx32 --enable-multilib --with-tune=generic --enable-offload-targets=nvptx-none=/build/gcc-11-XeT9lY/gcc-11-11.4.0/debian/tmp-nvptx/usr,amdgcn-amdhsa=/build/gcc-11-XeT9lY/gcc-11-11.4.0/debian/tmp-gcn/usr --without-cuda-driver --enable-checking=release --build=x86_64-linux-gnu --host=x86_64-linux-gnu --target=x86_64-linux-gnu --with-build-config=bootstrap-lto-lean --enable-link-serialization=2
Thread model: posix
Supported LTO compression algorithms: zlib zstd
gcc version 11.4.0 (Ubuntu 11.4.0-1ubuntu1~22.04) 
... rest of stderr output deleted ...
configure:4062: $? = 0
configure:4051: g++ -V >&5
g++: error: unrecognized command-line option '-V'
g++: fatal error: no input files
compilation terminated.
configure:4062: $? = 1
configure:4051: g++ -qversion >&5
g++: error: unrecognized command-line option '-qversion'; did you mean '--version'?
g++: fatal error: no input files
compilation terminated.
configure:4062: $? = 1
configure:4066: checking whether the compiler supports GNU C++
configure:4086: g++ -c   conftest.cpp >&5
configure:4086: $? = 0
configure:4096: result: yes
configure:4107: checking whether g++ accepts -g
configure:4128: g++ -c -g  conftest.cpp >&5
configure:4128: $? = 0
configure:4172: result: yes
configure:4192: checking for g++ option to enable C++11 features
configure:4207: g++  -c -g -O2  conftest.cpp >&5
conftest.cpp: In function 'int main(int, char**)':
conftest.cpp:175:25: warning: empty parentheses were disambiguated as a function declaration [-Wvexing-parse]
  175 |   cxx11test::delegate d2();
      |                         ^~
conftest.cpp:175:25: note: remove parentheses to default-initialize a variable
  175 |   cxx11test::delegate d2();
      |                         ^~
      |                         --
conftest.cpp:175:25: note: or replace parentheses with braces to value-initialize a variable
configure:4207: $? = 0
configure:4225: result: none needed
configure:4301: checking for stdio.h
configure:4301: g++ -c -g -O2  conftest.cpp >&5
configure:4301: $? = 0
configure:4301: result: yes
configure:4301: checking for stdlib.h
configure:4301: g++ -c -g -O2  conftest.cpp >&5
configure:4301: $? = 0
configure:4301: result: yes
configure:4301: checking for string.h
configure:4301: g++ -c -g -O2  conftest.cpp >&5
configure:4301: $? = 0
configure:4301: result: yes
configure:4301: checking for inttypes.h
configure:4301: g++ -c -g -O2  conftest.cpp >&5
configure:4301: $? = 0
configure:4301: result: yes
configure:4301: checking for stdint.h
configure:4301: g++ -c -g -O2  conftest.cpp >&5
configure:4301: $? = 0
configure:4301: result: yes
configure:4301: checking for strings.h
configure:4301: g++ -c -g -O2  conftest.cpp >&5
configure:4301: $? = 0
configure:4301: result: yes
configure:4301: checking for sys/stat.h
configure:4301: g++ -c -g -O2  conftest.cpp >&5
configure:4301: $? = 0
configure:4301: result: yes
configure:4301: checking for sys/types.h
configure:4301: g++ -c -g -O2  conftest.cpp >&5
configure:4301: $? = 0
configure:4301: result: yes
configure:4301: checking for unistd.h
configure:4301: g++ -c -g -O2  conftest.cpp >&5
configure:4301: $? = 0
configure:4301: result: yes
configure:4326: checking whether byte ordering is bigendian
configure:4342: g++ -c -g -O2  conftest.cpp >&5
conftest.cpp:20:16: error: expected unqualified-id before 'not' token
   20 |                not a universal capable compiler
      |                ^~~
configure:4342: $? = 1
configure: failed program was:
| /* confdefs.h */
| #define PACKAGE_NAME "masstree-beta"
| #define PACKAGE_TARNAME "masstree-beta"
| #define PACKAGE_VERSION "0.1"
| #define PACKAGE_STRING "masstree-beta 0.1"
| #define PACKAGE_BUGREPORT ""
| #define PACKAGE_URL ""
| #define HAVE_STDIO_H 1
| #define HAVE_STDLIB_H 1
| #define HAVE_STRING_H 1
| #define HAVE_INTTYPES_H 1
| #define HAVE_STDINT_H 1
| #define HAVE_STRINGS_H 1
| #define HAVE_SYS_STAT_H 1
| #define HAVE_SYS_TYPES_H 1
| #define HAVE_UNISTD_H 1
| #define STDC_HEADERS 1
| /* end confdefs.h.  */
| #ifndef __APPLE_CC__
| 	       not a universal capable compiler
| 	     #endif
| 	     typedef int dummy;
| 
configure:4388: g++ -c -g -O2  conftest.cpp >&5
configure:4388: $? = 0
configure:4407: g++ -c -g -O2  conftest.cpp >&5
conftest.cpp: In function 'int main()':
conftest.cpp:26:22: error: 'big' was not declared in this scope
   26 |                  not big endian
      |                      ^~~
configure:4407: $? = 1
configure: failed program was:
| /* confdefs.h */
| #define PACKAGE_NAME "masstree-beta"
| #define PACKAGE_TARNAME "masstree-beta"
| #define PACKAGE_VERSION "0.1"
| #define PACKAGE_STRING "masstree-beta 0.1"
| #define PACKAGE_BUGREPORT ""
| #define PACKAGE_URL ""
| #define HAVE_STDIO_H 1
| #define HAVE_STDLIB_H 1
| #define HAVE_STRING_H 1
| #define HAVE_INTTYPES_H 1
| #define HAVE_STDINT_H 1
| #define HAVE_STRINGS_H 1
| #define HAVE_SYS_STAT_H 1
| #define HAVE_SYS_TYPES_H 1
| #define HAVE_UNISTD_H 1
| #define STDC_HEADERS 1
| /* end confdefs.h.  */
| #include <sys/types.h>
| 		#include <sys/param.h>
| 
| int
| main (void)
| {
| #if BYTE_ORDER != BIG_ENDIAN
| 		 not big endian
| 		#endif
| 
|   ;
|   return 0;
| }
configure:4541: result: no
configure:4560: checking for sys/epoll.h
configure:4560: g++ -c -g -O2  conftest.cpp >&5
configure:4560: $? = 0
configure:4560: result: yes
configure:4566: checking for numa.h
configure:4566: g++ -c -g -O2  conftest.cpp >&5
configure:4566: $? = 0
configure:4566: result: yes
configure:4574: checking for library containing numa_available
configure:4603: g++ -o conftest -g -O2   conftest.cpp  >&5
/usr/bin/ld: /tmp/ccOHKQE5.o: in function `main':
/home/emilio/Work/Mularch/Project/TailBench/masstree/conftest.cpp:29: undefined reference to `numa_available'
collect2: error: ld returned 1 exit status
configure:4603: $? = 1
configure: failed program was:
| /* confdefs.h */
| #define PACKAGE_NAME "masstree-beta"
| #define PACKAGE_TARNAME "masstree-beta"
| #define PACKAGE_VERSION "0.1"
| #define PACKAGE_STRING "masstree-beta 0.1"
| #define PACKAGE_BUGREPORT ""
| #define PACKAGE_URL ""
| #define HAVE_STDIO_H 1
| #define HAVE_STDLIB_H 1
| #define HAVE_STRING_H 1
| #define HAVE_INTTYPES_H 1
| #define HAVE_STDINT_H 1
| #define HAVE_STRINGS_H 1
| #define HAVE_SYS_STAT_H 1
| #define HAVE_SYS_TYPES_H 1
| #define HAVE_UNISTD_H 1
| #define STDC_HEADERS 1
| #define ENDIAN_LITTLE 1
| #define HAVE_SYS_EPOLL_H 1
| #define HAVE_NUMA_H 1
| /* end confdefs.h.  */
| 
| namespace conftest {
|   extern "C" int numa_available ();
| }
| int
| main (void)
| {
| return conftest::numa_available ();
|   ;
|   return 0;
| }
configure:4603: g++ -o conftest -g -O2   conftest.cpp -lnuma   >&5
configure:4603: $? = 0
configure:4623: result: -lnuma
configure:4640: checking for __builtin_clz builtin
configure:4657: g++ -o conftest -g -O2   conftest.cpp -lnuma  >&5
configure:4657: $? = 0
configure:4666: result: yes
configure:4676: checking for __builtin_clzl builtin
configure:4693: g++ -o conftest -g -O2   conftest.cpp -lnuma  >&5
configure:4693: $? = 0
configure:4702: result: yes
configure:4712: checking for __builtin_clzll builtin
configure:4729: g++ -o conftest -g -O2   conftest.cpp -lnuma  >&5
configure:4729: $? = 0
configure:4738: result: yes
configure:4748: checking for __builtin_ctz builtin
configure:4765: g++ -o conftest -g -O2   conftest.cpp -lnuma  >&5
configure:4765: $? = 0
configure:4774: result: yes
configure:4784: checking for __builtin_ctzl builtin
configure:4801: g++ -o conftest -g -O2   conftest.cpp -lnuma  >&5
configure:4801: $? = 0
configure:4810: result: yes
configure:4820: checking for __builtin_ctzll builtin
configure:4837: g++ -o conftest -g -O2   conftest.cpp -lnuma  >&5
configure:4837: $? = 0
configure:4846: result: yes
configure:4856: checking for __sync_synchronize builtin
configure:4874: g++ -o conftest -g -O2   conftest.cpp -lnuma  >&5
configure:4874: $? = 0
configure:4883: result: yes
configure:4893: checking for __sync_fetch_and_add builtin
configure:4910: g++ -o conftest -g -O2   conftest.cpp -lnuma  >&5
configure:4910: $? = 0
configure:4919: result: yes
configure:4929: checking for __sync_add_and_fetch builtin
configure:4946: g++ -o conftest -g -O2   conftest.cpp -lnuma  >&5
configure:4946: $? = 0
configure:4955: result: yes
configure:4965: checking for __sync_fetch_and_add_8 builtin
configure:4983: g++ -o conftest -g -O2   conftest.cpp -lnuma  >&5
configure:4983: $? = 0
configure:4992: result: yes
configure:5002: checking for __sync_add_and_fetch_8 builtin
configure:5020: g++ -o conftest -g -O2   conftest.cpp -lnuma  >&5
configure:5020: $? = 0
configure:5029: result: yes
configure:5039: checking for __sync_fetch_and_or builtin
configure:5056: g++ -o conftest -g -O2   conftest.cpp -lnuma  >&5
configure:5056: $? = 0
configure:5065: result: yes
configure:5075: checking for __sync_or_and_fetch builtin
configure:5092: g++ -o conftest -g -O2   conftest.cpp -lnuma  >&5
configure:5092: $? = 0
configure:5101: result: yes
configure:5111: checking for __sync_fetch_and_or_8 builtin
configure:5129: g++ -o conftest -g -O2   conftest.cpp -lnuma  >&5
configure:5129: $? = 0
configure:5138: result: yes
configure:5148: checking for __sync_or_and_fetch_8 builtin
configure:5166: g++ -o conftest -g -O2   conftest.cpp -lnuma  >&5
configure:5166: $? = 0
configure:5175: result: yes
configure:5185: checking for __sync_bool_compare_and_swap builtin
configure:5202: g++ -o conftest -g -O2   conftest.cpp -lnuma  >&5
configure:5202: $? = 0
configure:5211: result: yes
configure:5221: checking for __sync_bool_compare_and_swap_8 builtin
configure:5239: g++ -o conftest -g -O2   conftest.cpp -lnuma  >&5
configure:5239: $? = 0
configure:5248: result: yes
configure:5258: checking for __sync_val_compare_and_swap builtin
configure:5275: g++ -o conftest -g -O2   conftest.cpp -lnuma  >&5
configure:5275: $? = 0
configure:5284: result: yes
configure:5294: checking for __sync_val_compare_and_swap_8 builtin
configure:5312: g++ -o conftest -g -O2   conftest.cpp -lnuma  >&5
configure:5312: $? = 0
configure:5321: result: yes
configure:5331: checking for __sync_lock_test_and_set builtin
configure:5348: g++ -o conftest -g -O2   conftest.cpp -lnuma  >&5
configure:5348: $? = 0
configure:5357: result: yes
configure:5367: checking for __sync_lock_test_and_set_val builtin
configure:5384: g++ -o conftest -g -O2   conftest.cpp -lnuma  >&5
configure:5384: $? = 0
configure:5393: result: yes
configure:5403: checking for __sync_lock_release_set builtin
configure:5420: g++ -o conftest -g -O2   conftest.cpp -lnuma  >&5
configure:5420: $? = 0
configure:5429: result: yes
configure:5440: checking whether the C++ compiler understands 'auto'
configure:5458: g++ -c -g -O2  conftest.cpp >&5
configure:5458: $? = 0
configure:5466: result: yes
configure:5508: checking whether the C++ compiler understands constexpr
configure:5526: g++ -c -g -O2  conftest.cpp >&5
configure:5526: $? = 0
configure:5534: result: yes
configure:5542: checking whether the C++ compiler understands static_assert
configure:5560: g++ -c -g -O2  conftest.cpp >&5
configure:5560: $? = 0
configure:5568: result: yes
configure:5576: checking whether the C++ compiler understands rvalue references
configure:5594: g++ -c -g -O2  conftest.cpp >&5
configure:5594: $? = 0
configure:5602: result: yes
configure:5610: checking whether the C++ compiler understands template alias
configure:5628: g++ -c -g -O2  conftest.cpp >&5
configure:5628: $? = 0
configure:5636: result: yes
configure:5644: checking for type_traits
configure:5644: g++ -c -g -O2  conftest.cpp >&5
configure:5644: $? = 0
configure:5644: result: yes
configure:5652: checking for __has_trivial_copy
configure:5670: g++ -c -g -O2  conftest.cpp >&5
configure:5670: $? = 0
configure:5678: result: yes
configure:5687: checking for std::move
configure:5700: g++ -c -g -O2  conftest.cpp >&5
configure:5700: $? = 0
configure:5707: result: yes
configure:5719: checking for std::is_trivially_copyable
configure:5737: g++ -c -g -O2  conftest.cpp >&5
configure:5737: $? = 0
configure:5745: result: yes
configure:5753: checking for std::is_rvalue_reference
configure:5771: g++ -c -g -O2  conftest.cpp >&5
configure:5771: $? = 0
configure:5779: result: yes
configure:5789: checking for malloc in -lflow
configure:5811: g++ -o conftest -g -O2   conftest.cpp -lflow  -lnuma  >&5
/usr/bin/ld: cannot find -lflow: No such file or directory
collect2: error: ld returned 1 exit status
configure:5811: $? = 1
configure: failed program was:
| /* confdefs.h */
| #define PACKAGE_NAME "masstree-beta"
| #define PACKAGE_TARNAME "masstree-beta"
| #define PACKAGE_VERSION "0.1"
| #define PACKAGE_STRING "masstree-beta 0.1"
| #define PACKAGE_BUGREPORT ""
| #define PACKAGE_URL ""
| #define HAVE_STDIO_H 1
| #define HAVE_STDLIB_H 1
| #define HAVE_STRING_H 1
| #define HAVE_INTTYPES_H 1
| #define HAVE_STDINT_H 1
| #define HAVE_STRINGS_H 1
| #define HAVE_SYS_STAT_H 1
| #define HAVE_SYS_TYPES_H 1
| #define HAVE_UNISTD_H 1
| #define STDC_HEADERS 1
| #define ENDIAN_LITTLE 1
| #define HAVE_SYS_EPOLL_H 1
| #define HAVE_NUMA_H 1
| #define HAVE_LIBNUMA 1
| #define HAVE___BUILTIN_CLZ 1
| #define HAVE___BUILTIN_CLZL 1
| #define HAVE___BUILTIN_CLZLL 1
| #define HAVE___BUILTIN_CTZ 1
| #define HAVE___BUILTIN_CTZL 1
| #define HAVE___BUILTIN_CTZLL 1
| #define HAVE___SYNC_SYNCHRONIZE 1
| #define HAVE___SYNC_FETCH_AND_ADD 1
| #define HAVE___SYNC_ADD_AND_FETCH 1
| #define HAVE___SYNC_FETCH_AND_ADD_8 1
| #define HAVE___SYNC_ADD_AND_FETCH_8 1
| #define HAVE___SYNC_FETCH_AND_OR 1
| #define HAVE___SYNC_OR_AND_FETCH 1
| #define HAVE___SYNC_FETCH_AND_OR_8 1
| #define HAVE___SYNC_OR_AND_FETCH_8 1
| #define HAVE___SYNC_BOOL_COMPARE_AND_SWAP 1
| #define HAVE___SYNC_BOOL_COMPARE_AND_SWAP_8 1
| #define HAVE___SYNC_VAL_COMPARE_AND_SWAP 1
| #define HAVE___SYNC_VAL_COMPARE_AND_SWAP_8 1
| #define HAVE___SYNC_LOCK_TEST_AND_SET 1
| #define HAVE___SYNC_LOCK_TEST_AND_SET_VAL 1
| #define HAVE___SYNC_LOCK_RELEASE_SET 1
| #define HAVE_CXX_AUTO 1
| #define HAVE_CXX_CONSTEXPR 1
| #define HAVE_CXX_STATIC_ASSERT 1
| #define HAVE_CXX_RVALUE_REFERENCES 1
| #define HAVE_CXX_TEMPLATE_ALIAS 1
| #define HAVE_TYPE_TRAITS 1
| #define HAVE___HAS_TRIVIAL_COPY 1
| #define HAVE_STD_IS_TRIVIALLY_COPYABLE 1
| #define HAVE_STD_IS_RVALUE_REFERENCE 1
| /* end confdefs.h.  */
| 
| namespace conftest {
|   extern "C" int malloc ();
| }
| int
| main (void)
| {
| return conftest::malloc ();
|   ;
|   return 0;
| }
configure:5821: result: no
configure:5830: checking for mallctl in -ljemalloc
configure:5852: g++ -o conftest -g -O2   conftest.cpp -ljemalloc  -lnuma  >&5
/usr/bin/ld: cannot find -ljemalloc: No such file or directory
collect2: error: ld returned 1 exit status
configure:5852: $? = 1
configure: failed program was:
| /* confdefs.h */
| #define PACKAGE_NAME "masstree-beta"
| #define PACKAGE_TARNAME "masstree-beta"
| #define PACKAGE_VERSION "0.1"
| #define PACKAGE_STRING "masstree-beta 0.1"
| #define PACKAGE_BUGREPORT ""
| #define PACKAGE_URL ""
| #define HAVE_STDIO_H 1
| #define HAVE_STDLIB_H 1
| #define HAVE_STRING_H 1
| #define HAVE_INTTYPES_H 1
| #define HAVE_STDINT_H 1
| #define HAVE_STRINGS_H 1
| #define HAVE_SYS_STAT_H 1
| #define HAVE_SYS_TYPES_H 1
| #define HAVE_UNISTD_H 1
| #define STDC_HEADERS 1
| #define ENDIAN_LITTLE 1
| #define HAVE_SYS_EPOLL_H 1
| #define HAVE_NUMA_H 1
| #define HAVE_LIBNUMA 1
| #define HAVE___BUILTIN_CLZ 1
| #define HAVE___BUILTIN_CLZL 1
| #define HAVE___BUILTIN_CLZLL 1
| #define HAVE___BUILTIN_CTZ 1
| #define HAVE___BUILTIN_CTZL 1
| #define HAVE___BUILTIN_CTZLL 1
| #define HAVE___SYNC_SYNCHRONIZE 1
| #define HAVE___SYNC_FETCH_AND_ADD 1
| #define HAVE___SYNC_ADD_AND_FETCH 1
| #define HAVE___SYNC_FETCH_AND_ADD_8 1
| #define HAVE___SYNC_ADD_AND_FETCH_8 1
| #define HAVE___SYNC_FETCH_AND_OR 1
| #define HAVE___SYNC_OR_AND_FETCH 1
| #define HAVE___SYNC_FETCH_AND_OR_8 1
| #define HAVE___SYNC_OR_AND_FETCH_8 1
| #define HAVE___SYNC_BOOL_COMPARE_AND_SWAP 1
| #define HAVE___SYNC_BOOL_COMPARE_AND_SWAP_8 1
| #define HAVE___SYNC_VAL_COMPARE_AND_SWAP 1
| #define HAVE___SYNC_VAL_COMPARE_AND_SWAP_8 1
| #define HAVE___SYNC_LOCK_TEST_AND_SET 1
| #define HAVE___SYNC_LOCK_TEST_AND_SET_VAL 1
| #define HAVE___SYNC_LOCK_RELEASE_SET 1
| #define HAVE_CXX_AUTO 1
| #define HAVE_CXX_CONSTEXPR 1
| #define HAVE_CXX_STATIC_ASSERT 1
| #define HAVE_CXX_RVALUE_REFERENCES 1
| #define HAVE_CXX_TEMPLATE_ALIAS 1
| #define HAVE_TYPE_TRAITS 1
| #define HAVE___HAS_TRIVIAL_COPY 1
| #define HAVE_STD_IS_TRIVIALLY_COPYABLE 1
| #define HAVE_STD_IS_RVALUE_REFERENCE 1
| /* end confdefs.h.  */
| 
| namespace conftest {
|   extern "C" int mallctl ();
| }
| int
| main (void)
| {
| return conftest::mallctl ();
|   ;
|   return 0;
| }
configure:5862: result: no
configure:5871: checking for tc_malloc in -ltcmalloc_minimal
configure:5893: g++ -o conftest -g -O2   conftest.cpp -ltcmalloc_minimal  -lnuma  >&5
/usr/bin/ld: cannot find -ltcmalloc_minimal: No such file or directory
collect2: error: ld returned 1 exit status
configure:5893: $? = 1
configure: failed program was:
| /* confdefs.h */
| #define PACKAGE_NAME "masstree-beta"
| #define PACKAGE_TARNAME "masstree-beta"
| #define PACKAGE_VERSION "0.1"
| #define PACKAGE_STRING "masstree-beta 0.1"
| #define PACKAGE_BUGREPORT ""
| #define PACKAGE_URL ""
| #define HAVE_STDIO_H 1
| #define HAVE_STDLIB_H 1
| #define HAVE_STRING_H 1
| #define HAVE_INTTYPES_H 1
| #define HAVE_STDINT_H 1
| #define HAVE_STRINGS_H 1
| #define HAVE_SYS_STAT_H 1
| #define HAVE_SYS_TYPES_H 1
| #define HAVE_UNISTD_H 1
| #define STDC_HEADERS 1
| #define ENDIAN_LITTLE 1
| #define HAVE_SYS_EPOLL_H 1
| #define HAVE_NUMA_H 1
| #define HAVE_LIBNUMA 1
| #define HAVE___BUILTIN_CLZ 1
| #define HAVE___BUILTIN_CLZL 1
| #define HAVE___BUILTIN_CLZLL 1
| #define HAVE___BUILTIN_CTZ 1
| #define HAVE___BUILTIN_CTZL 1
| #define HAVE___BUILTIN_CTZLL 1
| #define HAVE___SYNC_SYNCHRONIZE 1
| #define HAVE___SYNC_FETCH_AND_ADD 1
| #define HAVE___SYNC_ADD_AND_FETCH 1
| #define HAVE___SYNC_FETCH_AND_ADD_8 1
| #define HAVE___SYNC_ADD_AND_FETCH_8 1
| #define HAVE___SYNC_FETCH_AND_OR 1
| #define HAVE___SYNC_OR_AND_FETCH 1
| #define HAVE___SYNC_FETCH_AND_OR_8 1
| #define HAVE___SYNC_OR_AND_FETCH_8 1
| #define HAVE___SYNC_BOOL_COMPARE_AND_SWAP 1
| #define HAVE___SYNC_BOOL_COMPARE_AND_SWAP_8 1
| #define HAVE___SYNC_VAL_COMPARE_AND_SWAP 1
| #define HAVE___SYNC_VAL_COMPARE_AND_SWAP_8 1
| #define HAVE___SYNC_LOCK_TEST_AND_SET 1
| #define HAVE___SYNC_LOCK_TEST_AND_SET_VAL 1
| #define HAVE___SYNC_LOCK_RELEASE_SET 1
| #define HAVE_CXX_AUTO 1
| #define HAVE_CXX_CONSTEXPR 1
| #define HAVE_CXX_STATIC_ASSERT 1
| #define HAVE_CXX_RVALUE_REFERENCES 1
| #define HAVE_CXX_TEMPLATE_ALIAS 1
| #define HAVE_TYPE_TRAITS 1
| #define HAVE___HAS_TRIVIAL_COPY 1
| #define HAVE_STD_IS_TRIVIALLY_COPYABLE 1
| #define HAVE_STD_IS_RVALUE_REFERENCE 1
| /* end confdefs.h.  */
| 
| namespace conftest {
|   extern "C" int tc_malloc ();
| }
| int
| main (void)
| {
| return conftest::tc_malloc ();
|   ;
|   return 0;
| }
configure:5903: result: no
configure:5970: checking whether off_t and long are the same type
configure:5988: g++ -c -g -O2  conftest.cpp >&5
conftest.cpp:55:30: error: redefinition of 'int f(long int)'
   55 | int f(off_t) {return 0;} int f(long) {return 0;}
      |                              ^
conftest.cpp:55:5: note: 'int f(off_t)' previously defined here
   55 | int f(off_t) {return 0;} int f(long) {return 0;}
      |     ^
configure:5988: $? = 1
configure: failed program was:
| /* confdefs.h */
| #define PACKAGE_NAME "masstree-beta"
| #define PACKAGE_TARNAME "masstree-beta"
| #define PACKAGE_VERSION "0.1"
| #define PACKAGE_STRING "masstree-beta 0.1"
| #define PACKAGE_BUGREPORT ""
| #define PACKAGE_URL ""
| #define HAVE_STDIO_H 1
| #define HAVE_STDLIB_H 1
| #define HAVE_STRING_H 1
| #define HAVE_INTTYPES_H 1
| #define HAVE_STDINT_H 1
| #define HAVE_STRINGS_H 1
| #define HAVE_SYS_STAT_H 1
| #define HAVE_SYS_TYPES_H 1
| #define HAVE_UNISTD_H 1
| #define STDC_HEADERS 1
| #define ENDIAN_LITTLE 1
| #define HAVE_SYS_EPOLL_H 1
| #define HAVE_NUMA_H 1
| #define HAVE_LIBNUMA 1
| #define HAVE___BUILTIN_CLZ 1
| #define HAVE___BUILTIN_CLZL 1
| #define HAVE___BUILTIN_CLZLL 1
| #define HAVE___BUILTIN_CTZ 1
| #define HAVE___BUILTIN_CTZL 1
| #define HAVE___BUILTIN_CTZLL 1
| #define HAVE___SYNC_SYNCHRONIZE 1
| #define HAVE___SYNC_FETCH_AND_ADD 1
| #define HAVE___SYNC_ADD_AND_FETCH 1
| #define HAVE___SYNC_FETCH_AND_ADD_8 1
| #define HAVE___SYNC_ADD_AND_FETCH_8 1
| #define HAVE___SYNC_FETCH_AND_OR 1
| #define HAVE___SYNC_OR_AND_FETCH 1
| #define HAVE___SYNC_FETCH_AND_OR_8 1
| #define HAVE___SYNC_OR_AND_FETCH_8 1
| #define HAVE___SYNC_BOOL_COMPARE_AND_SWAP 1
| #define HAVE___SYNC_BOOL_COMPARE_AND_SWAP_8 1
| #define HAVE___SYNC_VAL_COMPARE_AND_SWAP 1
| #define HAVE___SYNC_VAL_COMPARE_AND_SWAP_8 1
| #define HAVE___SYNC_LOCK_TEST_AND_SET 1
| #define HAVE___SYNC_LOCK_TEST_AND_SET_VAL 1
| #define HAVE___SYNC_LOCK_RELEASE_SET 1
| #define HAVE_CXX_AUTO 1
| #define HAVE_CXX_CONSTEXPR 1
| #define HAVE_CXX_STATIC_ASSERT 1
| #define HAVE_CXX_RVALUE_REFERENCES 1
| #define HAVE_CXX_TEMPLATE_ALIAS 1
| #define HAVE_TYPE_TRAITS 1
| #define HAVE___HAS_TRIVIAL_COPY 1
| #define HAVE_STD_IS_TRIVIALLY_COPYABLE 1
| #define HAVE_STD_IS_RVALUE_REFERENCE 1
| /* end confdefs.h.  */
| #include <stdio.h>
| int f(off_t) {return 0;} int f(long) {return 0;}
| int
| main (void)
| {
| 
|   ;
|   return 0;
| }
configure:5996: result: yes
configure:6007: checking whether off_t and long long are the same type
configure:6025: g++ -c -g -O2  conftest.cpp >&5
configure:6025: $? = 0
configure:6033: result: no
configure:6044: checking whether int64_t and long are the same type
configure:6062: g++ -c -g -O2  conftest.cpp >&5
conftest.cpp:56:32: error: redefinition of 'int f(long int)'
   56 | int f(int64_t) {return 0;} int f(long) {return 0;}
      |                                ^
conftest.cpp:56:5: note: 'int f(int64_t)' previously defined here
   56 | int f(int64_t) {return 0;} int f(long) {return 0;}
      |     ^
configure:6062: $? = 1
configure: failed program was:
| /* confdefs.h */
| #define PACKAGE_NAME "masstree-beta"
| #define PACKAGE_TARNAME "masstree-beta"
| #define PACKAGE_VERSION "0.1"
| #define PACKAGE_STRING "masstree-beta 0.1"
| #define PACKAGE_BUGREPORT ""
| #define PACKAGE_URL ""
| #define HAVE_STDIO_H 1
| #define HAVE_STDLIB_H 1
| #define HAVE_STRING_H 1
| #define HAVE_INTTYPES_H 1
| #define HAVE_STDINT_H 1
| #define HAVE_STRINGS_H 1
| #define HAVE_SYS_STAT_H 1
| #define HAVE_SYS_TYPES_H 1
| #define HAVE_UNISTD_H 1
| #define STDC_HEADERS 1
| #define ENDIAN_LITTLE 1
| #define HAVE_SYS_EPOLL_H 1
| #define HAVE_NUMA_H 1
| #define HAVE_LIBNUMA 1
| #define HAVE___BUILTIN_CLZ 1
| #define HAVE___BUILTIN_CLZL 1
| #define HAVE___BUILTIN_CLZLL 1
| #define HAVE___BUILTIN_CTZ 1
| #define HAVE___BUILTIN_CTZL 1
| #define HAVE___BUILTIN_CTZLL 1
| #define HAVE___SYNC_SYNCHRONIZE 1
| #define HAVE___SYNC_FETCH_AND_ADD 1
| #define HAVE___SYNC_ADD_AND_FETCH 1
| #define HAVE___SYNC_FETCH_AND_ADD_8 1
| #define HAVE___SYNC_ADD_AND_FETCH_8 1
| #define HAVE___SYNC_FETCH_AND_OR 1
| #define HAVE___SYNC_OR_AND_FETCH 1
| #define HAVE___SYNC_FETCH_AND_OR_8 1
| #define HAVE___SYNC_OR_AND_FETCH_8 1
| #define HAVE___SYNC_BOOL_COMPARE_AND_SWAP 1
| #define HAVE___SYNC_BOOL_COMPARE_AND_SWAP_8 1
| #define HAVE___SYNC_VAL_COMPARE_AND_SWAP 1
| #define HAVE___SYNC_VAL_COMPARE_AND_SWAP_8 1
| #define HAVE___SYNC_LOCK_TEST_AND_SET 1
| #define HAVE___SYNC_LOCK_TEST_AND_SET_VAL 1
| #define HAVE___SYNC_LOCK_RELEASE_SET 1
| #define HAVE_CXX_AUTO 1
| #define HAVE_CXX_CONSTEXPR 1
| #define HAVE_CXX_STATIC_ASSERT 1
| #define HAVE_CXX_RVALUE_REFERENCES 1
| #define HAVE_CXX_TEMPLATE_ALIAS 1
| #define HAVE_TYPE_TRAITS 1
| #define HAVE___HAS_TRIVIAL_COPY 1
| #define HAVE_STD_IS_TRIVIALLY_COPYABLE 1
| #define HAVE_STD_IS_RVALUE_REFERENCE 1
| #define HAVE_OFF_T_IS_LONG 1
| /* end confdefs.h.  */
| #include <stdint.h>
| int f(int64_t) {return 0;} int f(long) {return 0;}
| int
| main (void)
| {
| 
|   ;
|   return 0;
| }
configure:6070: result: yes
configure:6081: checking whether int64_t and long long are the same type
configure:6099: g++ -c -g -O2  conftest.cpp >&5
configure:6099: $? = 0
configure:6107: result: no
configure:6118: checking whether size_t and unsigned are the same type
configure:6136: g++ -c -g -O2  conftest.cpp >&5
configure:6136: $? = 0
configure:6144: result: no
configure:6155: checking whether size_t and unsigned long are the same type
configure:6173: g++ -c -g -O2  conftest.cpp >&5
conftest.cpp:57:31: error: redefinition of 'int f(long unsigned int)'
   57 | int f(size_t) {return 0;} int f(unsigned long) {return 0;}
      |                               ^
conftest.cpp:57:5: note: 'int f(size_t)' previously defined here
   57 | int f(size_t) {return 0;} int f(unsigned long) {return 0;}
      |     ^
configure:6173: $? = 1
configure: failed program was:
| /* confdefs.h */
| #define PACKAGE_NAME "masstree-beta"
| #define PACKAGE_TARNAME "masstree-beta"
| #define PACKAGE_VERSION "0.1"
| #define PACKAGE_STRING "masstree-beta 0.1"
| #define PACKAGE_BUGREPORT ""
| #define PACKAGE_URL ""
| #define HAVE_STDIO_H 1
| #define HAVE_STDLIB_H 1
| #define HAVE_STRING_H 1
| #define HAVE_INTTYPES_H 1
| #define HAVE_STDINT_H 1
| #define HAVE_STRINGS_H 1
| #define HAVE_SYS_STAT_H 1
| #define HAVE_SYS_TYPES_H 1
| #define HAVE_UNISTD_H 1
| #define STDC_HEADERS 1
| #define ENDIAN_LITTLE 1
| #define HAVE_SYS_EPOLL_H 1
| #define HAVE_NUMA_H 1
| #define HAVE_LIBNUMA 1
| #define HAVE___BUILTIN_CLZ 1
| #define HAVE___BUILTIN_CLZL 1
| #define HAVE___BUILTIN_CLZLL 1
| #define HAVE___BUILTIN_CTZ 1
| #define HAVE___BUILTIN_CTZL 1
| #define HAVE___BUILTIN_CTZLL 1
| #define HAVE___SYNC_SYNCHRONIZE 1
| #define HAVE___SYNC_FETCH_AND_ADD 1
| #define HAVE___SYNC_ADD_AND_FETCH 1
| #define HAVE___SYNC_FETCH_AND_ADD_8 1
| #define HAVE___SYNC_ADD_AND_FETCH_8 1
| #define HAVE___SYNC_FETCH_AND_OR 1
| #define HAVE___SYNC_OR_AND_FETCH 1
| #define HAVE___SYNC_FETCH_AND_OR_8 1
| #define HAVE___SYNC_OR_AND_FETCH_8 1
| #define HAVE___SYNC_BOOL_COMPARE_AND_SWAP 1
| #define HAVE___SYNC_BOOL_COMPARE_AND_SWAP_8 1
| #define HAVE___SYNC_VAL_COMPARE_AND_SWAP 1
| #define HAVE___SYNC_VAL_COMPARE_AND_SWAP_8 1
| #define HAVE___SYNC_LOCK_TEST_AND_SET 1
| #define HAVE___SYNC_LOCK_TEST_AND_SET_VAL 1
| #define HAVE___SYNC_LOCK_RELEASE_SET 1
| #define HAVE_CXX_AUTO 1
| #define HAVE_CXX_CONSTEXPR 1
| #define HAVE_CXX_STATIC_ASSERT 1
| #define HAVE_CXX_RVALUE_REFERENCES 1
| #define HAVE_CXX_TEMPLATE_ALIAS 1
| #define HAVE_TYPE_TRAITS 1
| #define HAVE___HAS_TRIVIAL_COPY 1
| #define HAVE_STD_IS_TRIVIALLY_COPYABLE 1
| #define HAVE_STD_IS_RVALUE_REFERENCE 1
| #define HAVE_OFF_T_IS_LONG 1
| #define HAVE_INT64_T_IS_LONG 1
| /* end confdefs.h.  */
| #include <stdio.h>
| int f(size_t) {return 0;} int f(unsigned long) {return 0;}
| int
| main (void)
| {
| 
|   ;
|   return 0;
| }
configure:6181: result: yes
configure:6192: checking whether size_t and unsigned long long are the same type
configure:6210: g++ -c -g -O2  conftest.cpp >&5
configure:6210: $? = 0
configure:6218: result: no
configure:6228: checking for long long
configure:6228: g++ -c -g -O2  conftest.cpp >&5
configure:6228: $? = 0
configure:6228: g++ -c -g -O2  conftest.cpp >&5
conftest.cpp: In function 'int main()':
conftest.cpp:88:14: error: expected primary-expression before 'long'
   88 | if (sizeof ((long long)))
      |              ^~~~
conftest.cpp:88:14: error: expected ')' before 'long'
   88 | if (sizeof ((long long)))
      |             ~^~~~
      |              )
conftest.cpp:89:21: error: expected ')' before ';' token
   89 |             return 0;
      |                     ^
      |                     )
conftest.cpp:88:12: note: to match this '('
   88 | if (sizeof ((long long)))
      |            ^
conftest.cpp:89:21: error: expected ')' before ';' token
   89 |             return 0;
      |                     ^
      |                     )
conftest.cpp:88:4: note: to match this '('
   88 | if (sizeof ((long long)))
      |    ^
configure:6228: $? = 1
configure: failed program was:
| /* confdefs.h */
| #define PACKAGE_NAME "masstree-beta"
| #define PACKAGE_TARNAME "masstree-beta"
| #define PACKAGE_VERSION "0.1"
| #define PACKAGE_STRING "masstree-beta 0.1"
| #define PACKAGE_BUGREPORT ""
| #define PACKAGE_URL ""
| #define HAVE_STDIO_H 1
| #define HAVE_STDLIB_H 1
| #define HAVE_STRING_H 1
| #define HAVE_INTTYPES_H 1
| #define HAVE_STDINT_H 1
| #define HAVE_STRINGS_H 1
| #define HAVE_SYS_STAT_H 1
| #define HAVE_SYS_TYPES_H 1
| #define HAVE_UNISTD_H 1
| #define STDC_HEADERS 1
| #define ENDIAN_LITTLE 1
| #define HAVE_SYS_EPOLL_H 1
| #define HAVE_NUMA_H 1
| #define HAVE_LIBNUMA 1
| #define HAVE___BUILTIN_CLZ 1
| #define HAVE___BUILTIN_CLZL 1
| #define HAVE___BUILTIN_CLZLL 1
| #define HAVE___BUILTIN_CTZ 1
| #define HAVE___BUILTIN_CTZL 1
| #define HAVE___BUILTIN_CTZLL 1
| #define HAVE___SYNC_SYNCHRONIZE 1
| #define HAVE___SYNC_FETCH_AND_ADD 1
| #define HAVE___SYNC_ADD_AND_FETCH 1
| #define HAVE___SYNC_FETCH_AND_ADD_8 1
| #define HAVE___SYNC_ADD_AND_FETCH_8 1
| #define HAVE___SYNC_FETCH_AND_OR 1
| #define HAVE___SYNC_OR_AND_FETCH 1
| #define HAVE___SYNC_FETCH_AND_OR_8 1
| #define HAVE___SYNC_OR_AND_FETCH_8 1
| #define HAVE___SYNC_BOOL_COMPARE_AND_SWAP 1
| #define HAVE___SYNC_BOOL_COMPARE_AND_SWAP_8 1
| #define HAVE___SYNC_VAL_COMPARE_AND_SWAP 1
| #define HAVE___SYNC_VAL_COMPARE_AND_SWAP_8 1
| #define HAVE___SYNC_LOCK_TEST_AND_SET 1
| #define HAVE___SYNC_LOCK_TEST_AND_SET_VAL 1
| #define HAVE___SYNC_LOCK_RELEASE_SET 1
| #define HAVE_CXX_AUTO 1
| #define HAVE_CXX_CONSTEXPR 1
| #define HAVE_CXX_STATIC_ASSERT 1
| #define HAVE_CXX_RVALUE_REFERENCES 1
| #define HAVE_CXX_TEMPLATE_ALIAS 1
| #define HAVE_TYPE_TRAITS 1
| #define HAVE___HAS_TRIVIAL_COPY 1
| #define HAVE_STD_IS_TRIVIALLY_COPYABLE 1
| #define HAVE_STD_IS_RVALUE_REFERENCE 1
| #define HAVE_OFF_T_IS_LONG 1
| #define HAVE_INT64_T_IS_LONG 1
| #define HAVE_SIZE_T_IS_UNSIGNED_LONG 1
| /* end confdefs.h.  */
| #include <stddef.h>
| #ifdef HAVE_STDIO_H
| # include <stdio.h>
| #endif
| #ifdef HAVE_STDLIB_H
| # include <stdlib.h>
| #endif
| #ifdef HAVE_STRING_H
| # include <string.h>
| #endif
| #ifdef HAVE_INTTYPES_H
| # include <inttypes.h>
| #endif
| #ifdef HAVE_STDINT_H
| # include <stdint.h>
| #endif
| #ifdef HAVE_STRINGS_H
| # include <strings.h>
| #endif
| #ifdef HAVE_SYS_TYPES_H
| # include <sys/types.h>
| #endif
| #ifdef HAVE_SYS_STAT_H
| # include <sys/stat.h>
| #endif
| #ifdef HAVE_UNISTD_H
| # include <unistd.h>
| #endif
| int
| main (void)
| {
| if (sizeof ((long long)))
| 	    return 0;
|   ;
|   return 0;
| }
configure:6228: result: yes
configure:6241: checking size of short
configure:6247: g++ -o conftest -g -O2   conftest.cpp -lnuma  >&5
configure:6247: $? = 0
configure:6247: ./conftest
configure:6247: $? = 0
configure:6262: result: 2
configure:6274: checking size of int
configure:6280: g++ -o conftest -g -O2   conftest.cpp -lnuma  >&5
configure:6280: $? = 0
configure:6280: ./conftest
configure:6280: $? = 0
configure:6295: result: 4
configure:6307: checking size of long
configure:6313: g++ -o conftest -g -O2   conftest.cpp -lnuma  >&5
configure:6313: $? = 0
configure:6313: ./conftest
configure:6313: $? = 0
configure:6328: result: 8
configure:6340: checking size of long long
configure:6346: g++ -o conftest -g -O2   conftest.cpp -lnuma  >&5
configure:6346: $? = 0
configure:6346: ./conftest
configure:6346: $? = 0
configure:6361: result: 8
configure:6373: checking size of void *
configure:6379: g++ -o conftest -g -O2   conftest.cpp -lnuma  >&5
configure:6379: $? = 0
configure:6379: ./conftest
configure:6379: $? = 0
configure:6394: result: 8
configure:6403: checking for g++ options needed to detect all undeclared functions
configure:6425: g++ -c -g -O2  conftest.cpp >&5
conftest.cpp: In function 'int main()':
conftest.cpp:67:8: error: 'strchr' was not declared in this scope
   67 | (void) strchr;
      |        ^~~~~~
conftest.cpp:1:1: note: 'strchr' is defined in header '<cstring>'; did you forget to '#include <cstring>'?
    1 | /* confdefs.h */
configure:6425: $? = 1
configure: failed program was:
| /* confdefs.h */
| #define PACKAGE_NAME "masstree-beta"
| #define PACKAGE_TARNAME "masstree-beta"
| #define PACKAGE_VERSION "0.1"
| #define PACKAGE_STRING "masstree-beta 0.1"
| #define PACKAGE_BUGREPORT ""
| #define PACKAGE_URL ""
| #define HAVE_STDIO_H 1
| #define HAVE_STDLIB_H 1
| #define HAVE_STRING_H 1
| #define HAVE_INTTYPES_H 1
| #define HAVE_STDINT_H 1
| #define HAVE_STRINGS_H 1
| #define HAVE_SYS_STAT_H 1
| #define HAVE_SYS_TYPES_H 1
| #define HAVE_UNISTD_H 1
| #define STDC_HEADERS 1
| #define ENDIAN_LITTLE 1
| #define HAVE_SYS_EPOLL_H 1
| #define HAVE_NUMA_H 1
| #define HAVE_LIBNUMA 1
| #define HAVE___BUILTIN_CLZ 1
| #define HAVE___BUILTIN_CLZL 1
| #define HAVE___BUILTIN_CLZLL 1
| #define HAVE___BUILTIN_CTZ 1
| #define HAVE___BUILTIN_CTZL 1
| #define HAVE___BUILTIN_CTZLL 1
| #define HAVE___SYNC_SYNCHRONIZE 1
| #define HAVE___SYNC_FETCH_AND_ADD 1
| #define HAVE___SYNC_ADD_AND_FETCH 1
| #define HAVE___SYNC_FETCH_AND_ADD_8 1
| #define HAVE___SYNC_ADD_AND_FETCH_8 1
| #define HAVE___SYNC_FETCH_AND_OR 1
| #define HAVE___SYNC_OR_AND_FETCH 1
| #define HAVE___SYNC_FETCH_AND_OR_8 1
| #define HAVE___SYNC_OR_AND_FETCH_8 1
| #define HAVE___SYNC_BOOL_COMPARE_AND_SWAP 1
| #define HAVE___SYNC_BOOL_COMPARE_AND_SWAP_8 1
| #define HAVE___SYNC_VAL_COMPARE_AND_SWAP 1
| #define HAVE___SYNC_VAL_COMPARE_AND_SWAP_8 1
| #define HAVE___SYNC_LOCK_TEST_AND_SET 1
| #define HAVE___SYNC_LOCK_TEST_AND_SET_VAL 1
| #define HAVE___SYNC_LOCK_RELEASE_SET 1
| #define HAVE_CXX_AUTO 1
| #define HAVE_CXX_CONSTEXPR 1
| #define HAVE_CXX_STATIC_ASSERT 1
| #define HAVE_CXX_RVALUE_REFERENCES 1
| #define HAVE_CXX_TEMPLATE_ALIAS 1
| #define HAVE_TYPE_TRAITS 1
| #define HAVE___HAS_TRIVIAL_COPY 1
| #define HAVE_STD_IS_TRIVIALLY_COPYABLE 1
| #define HAVE_STD_IS_RVALUE_REFERENCE 1
| #define HAVE_OFF_T_IS_LONG 1
| #define HAVE_INT64_T_IS_LONG 1
| #define HAVE_SIZE_T_IS_UNSIGNED_LONG 1
| #define HAVE_LONG_LONG 1
| #define SIZEOF_SHORT 2
| #define SIZEOF_INT 4
| #define SIZEOF_LONG 8
| #define SIZEOF_LONG_LONG 8
| #define SIZEOF_VOID_P 8
| /* end confdefs.h.  */
| 
| int
| main (void)
| {
| (void) strchr;
|   ;
|   return 0;
| }
configure:6452: g++ -c -g -O2  conftest.cpp >&5
configure:6452: $? = 0
configure:6469: result: none needed
configure:6483: checking whether getline is declared
configure:6483: g++ -c -g -O2   conftest.cpp >&5
configure:6483: $? = 0
configure:6483: result: yes
configure:6493: checking for time.h
configure:6493: g++ -c -g -O2  conftest.cpp >&5
configure:6493: $? = 0
configure:6493: result: yes
configure:6500: checking whether clock_gettime is declared
configure:6500: g++ -c -g -O2   conftest.cpp >&5
configure:6500: $? = 0
configure:6500: result: yes
configure:6512: checking for library containing clock_gettime
configure:6541: g++ -o conftest -g -O2   conftest.cpp -lnuma  >&5
configure:6541: $? = 0
configure:6561: result: none required
configure:6570: checking for clock_gettime
configure:6570: g++ -o conftest -g -O2   conftest.cpp -lnuma  >&5
configure:6570: $? = 0
configure:6570: result: yes
configure:6820: creating ./config.status

## ---------------------- ##
## Running config.status. ##
## ---------------------- ##

This file was extended by masstree-beta config.status 0.1, which was
generated by GNU Autoconf 2.71.  Invocation command line was

  CONFIG_FILES    = 
  CONFIG_HEADERS  = 
  CONFIG_LINKS    = 
  CONFIG_COMMANDS = 
  $ ./config.status 

on emilio-XPS-9315

config.status:846: creating GNUmakefile
config.status:846: creating config.h
config.status:1016: config.h is unchanged

## ---------------- ##
## Cache variables. ##
## ---------------- ##

ac_cv_c_bigendian=no
ac_cv_c_compiler_gnu=yes
ac_cv_cxx_auto=yes
ac_cv_cxx_compiler_gnu=yes
ac_cv_cxx_constexpr=yes
ac_cv_cxx_rvalue_references=yes
ac_cv_cxx_static_assert=yes
ac_cv_cxx_template_alias=yes
ac_cv_cxx_undeclared_builtin_options='none needed'
ac_cv_env_CCC_set=
ac_cv_env_CCC_value=
ac_cv_env_CC_set=
ac_cv_env_CC_value=
ac_cv_env_CFLAGS_set=
ac_cv_env_CFLAGS_value=
ac_cv_env_CPPFLAGS_set=
ac_cv_env_CPPFLAGS_value=
ac_cv_env_CXXFLAGS_set=
ac_cv_env_CXXFLAGS_value=
ac_cv_env_CXX_set=
ac_cv_env_CXX_value=
ac_cv_env_LDFLAGS_set=
ac_cv_env_LDFLAGS_value=
ac_cv_env_LIBS_set=
ac_cv_env_LIBS_value=
ac_cv_env_build_alias_set=
ac_cv_env_build_alias_value=
ac_cv_env_host_alias_set=
ac_cv_env_host_alias_value=
ac_cv_env_target_alias_set=
ac_cv_env_target_alias_value=
ac_cv_func_clock_gettime=yes
ac_cv_have___builtin_clz=yes
ac_cv_have___builtin_clzl=yes
ac_cv_have___builtin_clzll=yes
ac_cv_have___builtin_ctz=yes
ac_cv_have___builtin_ctzl=yes
ac_cv_have___builtin_ctzll=yes
ac_cv_have___has_trivial_copy=yes
ac_cv_have___sync_add_and_fetch=yes
ac_cv_have___sync_add_and_fetch_8=yes
ac_cv_have___sync_bool_compare_and_swap=yes
ac_cv_have___sync_bool_compare_and_swap_8=yes
ac_cv_have___sync_fetch_and_add=yes
ac_cv_have___sync_fetch_and_add_8=yes
ac_cv_have___sync_fetch_and_or=yes
ac_cv_have___sync_fetch_and_or_8=yes
ac_cv_have___sync_lock_release_set=yes
ac_cv_have___sync_lock_test_and_set=yes
ac_cv_have___sync_lock_test_and_set_val=yes
ac_cv_have___sync_or_and_fetch=yes
ac_cv_have___sync_or_and_fetch_8=yes
ac_cv_have___sync_synchronize=yes
ac_cv_have___sync_val_compare_and_swap=yes
ac_cv_have___sync_val_compare_and_swap_8=yes
ac_cv_have_decl_clock_gettime=yes
ac_cv_have_decl_getline=yes
ac_cv_have_same_type_int64_t_is_long=yes
ac_cv_have_same_type_int64_t_is_long_long=no
ac_cv_have_same_type_off_t_is_long=yes
ac_cv_have_same_type_off_t_is_long_long=no
ac_cv_have_same_type_size_t_is_unsigned=no
ac_cv_have_same_type_size_t_is_unsigned_long=yes
ac_cv_have_same_type_size_t_is_unsigned_long_long=no
ac_cv_have_std_is_rvalue_reference=yes
ac_cv_have_std_is_trivially_copyable=yes
ac_cv_header_inttypes_h=yes
ac_cv_header_numa_h=yes
ac_cv_header_stdint_h=yes
ac_cv_header_stdio_h=yes
ac_cv_header_stdlib_h=yes
ac_cv_header_string_h=yes
ac_cv_header_strings_h=yes
ac_cv_header_sys_epoll_h=yes
ac_cv_header_sys_stat_h=yes
ac_cv_header_sys_types_h=yes
ac_cv_header_time_h=yes
ac_cv_header_type_traits=yes
ac_cv_header_unistd_h=yes
ac_cv_lib_flow_malloc=no
ac_cv_lib_jemalloc_mallctl=no
ac_cv_lib_tcmalloc_minimal_tc_malloc=no
ac_cv_max_key_len=255
ac_cv_max_row_len=65535
ac_cv_objext=o
ac_cv_prog_ac_ct_CC=gcc
ac_cv_prog_ac_ct_CXX=g++
ac_cv_prog_cc_c11=
ac_cv_prog_cc_g=yes
ac_cv_prog_cc_stdc=
ac_cv_prog_cxx_11=no
ac_cv_prog_cxx_cxx11=
ac_cv_prog_cxx_g=yes
ac_cv_prog_cxx_stdcxx=
ac_cv_row_type=bag
ac_cv_search_clock_gettime='none required'
ac_cv_search_numa_available=-lnuma
ac_cv_sizeof_int=4
ac_cv_sizeof_long=8
ac_cv_sizeof_long_long=8
ac_cv_sizeof_short=2
ac_cv_sizeof_void_p=8
ac_cv_std_move=yes
ac_cv_superpage=yes
ac_cv_type_long_long=yes

## ----------------- ##
## Output variables. ##
## ----------------- ##

CC='gcc'
CFLAGS='-g -O2'
CPPFLAGS=''
CXX='g++'
CXXFLAGS='-g -O2'
DEFS='-DHAVE_CONFIG_H'
ECHO_C=''
ECHO_N='-n'
ECHO_T=''
EXEEXT=''
LDFLAGS=''
LIBOBJS=''
LIBS='-lnuma '
LTLIBOBJS=''
MALLOC_LIBS=''
OBJEXT='o'
PACKAGE_BUGREPORT=''
PACKAGE_NAME='masstree-beta'
PACKAGE_STRING='masstree-beta 0.1'
PACKAGE_TARNAME='masstree-beta'
PACKAGE_URL=''
PACKAGE_VERSION='0.1'
PATH_SEPARATOR=':'
SHELL='/bin/bash'
ac_configure_args=' '\''--disable-assertions'\'' '\''--with-malloc=malloc'\'''
ac_ct_CC='gcc'
ac_ct_CXX='g++'
bindir='${exec_prefix}/bin'
build_alias=''
datadir='${datarootdir}'
datarootdir='${prefix}/share'
docdir='${datarootdir}/doc/${PACKAGE_TARNAME}'
dvidir='${docdir}'
exec_prefix='${prefix}'
host_alias=''
htmldir='${docdir}'
includedir='${prefix}/include'
infodir='${datarootdir}/info'
libdir='${exec_prefix}/lib'
libexecdir='${exec_prefix}/libexec'
localedir='${datarootdir}/locale'
localstatedir='${prefix}/var'
mandir='${datarootdir}/man'
oldincludedir='/usr/include'
pdfdir='${docdir}'
prefix='/usr/local'
program_transform_name='s,x,x,'
psdir='${docdir}'
runstatedir='${localstatedir}/run'
sbindir='${exec_prefix}/sbin'
sharedstatedir='${prefix}/com'
sysconfdir='${prefix}/etc'
target_alias=''

## ----------- ##
## confdefs.h. ##
## ----------- ##

/* confdefs.h */
#define PACKAGE_NAME "masstree-beta"
#define PACKAGE_TARNAME "masstree-beta"
#define PACKAGE_VERSION "0.1"
#define PACKAGE_STRING "masstree-beta 0.1"
#define PACKAGE_BUGREPORT ""
#define PACKAGE_URL ""
#define HAVE_STDIO_H 1
#define HAVE_STDLIB_H 1
#define HAVE_STRING_H 1
#define HAVE_INTTYPES_H 1
#define HAVE_STDINT_H 1
#define HAVE_STRINGS_H 1
#define HAVE_SYS_STAT_H 1
#define HAVE_SYS_TYPES_H 1
#define HAVE_UNISTD_H 1
#define STDC_HEADERS 1
#define ENDIAN_LITTLE 1
#define HAVE_SYS_EPOLL_H 1
#define HAVE_NUMA_H 1
#define HAVE_LIBNUMA 1
#define HAVE___BUILTIN_CLZ 1
#define HAVE___BUILTIN_CLZL 1
#define HAVE___BUILTIN_CLZLL 1
#define HAVE___BUILTIN_CTZ 1
#define HAVE___BUILTIN_CTZL 1
#define HAVE___BUILTIN_CTZLL 1
#define HAVE___SYNC_SYNCHRONIZE 1
#define HAVE___SYNC_FETCH_AND_ADD 1
#define HAVE___SYNC_ADD_AND_FETCH 1
#define HAVE___SYNC_FETCH_AND_ADD_8 1
#define HAVE___SYNC_ADD_AND_FETCH_8 1
#define HAVE___SYNC_FETCH_AND_OR 1
#define HAVE___SYNC_OR_AND_FETCH 1
#define HAVE___SYNC_FETCH_AND_OR_8 1
#define HAVE___SYNC_OR_AND_FETCH_8 1
#define HAVE___SYNC_BOOL_COMPARE_AND_SWAP 1
#define HAVE___SYNC_BOOL_COMPARE_AND_SWAP_8 1
#define HAVE___SYNC_VAL_COMPARE_AND_SWAP 1
#define HAVE___SYNC_VAL_COMPARE_AND_SWAP_8 1
#define HAVE___SYNC_LOCK_TEST_AND_SET 1
#define HAVE___SYNC_LOCK_TEST_AND_SET_VAL 1
#define HAVE___SYNC_LOCK_RELEASE_SET 1
#define HAVE_CXX_AUTO 1
#define HAVE_CXX_CONSTEXPR 1
#define HAVE_CXX_STATIC_ASSERT 1
#define HAVE_CXX_RVALUE_REFERENCES 1
#define HAVE_CXX_TEMPLATE_ALIAS 1
#define HAVE_TYPE_TRAITS 1
#define HAVE___HAS_TRIVIAL_COPY 1
#define HAVE_STD_IS_TRIVIALLY_COPYABLE 1
#define HAVE_STD_IS_RVALUE_REFERENCE 1
#define HAVE_OFF_T_IS_LONG 1
#define HAVE_INT64_T_IS_LONG 1
#define HAVE_SIZE_T_IS_UNSIGNED_LONG 1
#define HAVE_LONG_LONG 1
#define SIZEOF_SHORT 2
#define SIZEOF_INT 4
#define SIZEOF_LONG 8
#define SIZEOF_LONG_LONG 8
#define SIZEOF_VOID_P 8
#define HAVE_DECL_GETLINE 1
#define HAVE_TIME_H 1
#define HAVE_DECL_CLOCK_GETTIME 1
#define HAVE_CLOCK_GETTIME 1
#define KVDB_ROW_TYPE_BAG 1
#define KVDB_MAX_KEY_LEN 255
#define KVDB_MAX_ROW_LEN 65535
#define HAVE_SUPERPAGE_ENABLED 1
#define HAVE_UNALIGNED_ACCESS 1

configure: exit 0

## ---------------------- ##
## Running config.status. ##
## ---------------------- ##

This file was extended by masstree-beta config.status 0.1, which was
generated by GNU Autoconf 2.71.  Invocation command line was

  CONFIG_FILES    = 
  CONFIG_HEADERS  = 
  CONFIG_LINKS    = 
  CONFIG_COMMANDS = 
  $ ./config.status 

on emilio-XPS-9315

config.status:: creating config.h
config.status:: config.h is unchanged
